---
smarttheme.log truncated on 2026-01-27 by automated maintenance.

Previous logs are preserved in the repository history; the live log was rotated to reduce size.
Run the script with -Debug to reproduce recent entries if needed.
---
2026-01-27T13:29:48.4104412+01:00 [DEBUG] - Pockame 0 s pred dalsim pokusem... (pokusu 1/5)
2026-01-27T13:29:48.4472211+01:00 [DEBUG] - Pockame 0 s pred dalsim pokusem... (pokusu 2/5)
2026-01-27T13:32:22.6215464+01:00 [DEBUG] - Pockame 0 s pred dalsim pokusem... (pokusu 1/5)
2026-01-27T13:32:22.6546595+01:00 [DEBUG] - Pockame 0 s pred dalsim pokusem... (pokusu 2/5)
2026-01-27T13:33:00.5616031+01:00 [INFO] - Zjistuji aktualni polohu...
2026-01-27T13:33:00.9251581+01:00 [DEBUG] - Pockame 2 s pred dalsim pokusem... (pokusu 1/3)
2026-01-27T13:33:03.0055617+01:00 [DEBUG] - Pockame 4 s pred dalsim pokusem... (pokusu 2/3)
2026-01-27T13:33:07.0981620+01:00 [INFO] - Varovani: Nepodarilo se zjistit polohu pres ipapi.
2026-01-27T13:33:07.1538432+01:00 [INFO] - Pouzita cache: (manually provided) (50,0755, 14,4378) [Central Europe Standard Time]
2026-01-27T13:33:07.1756785+01:00 [INFO] - Nacitam casy vychodu a zapadu slunce...
2026-01-27T13:33:07.2008264+01:00 [DEBUG] - Volam API: https://api.sunrise-sunset.org/json?lat=50.0755&lng=14.4378&formatted=0
2026-01-27T13:33:07.8275040+01:00 [DEBUG] - Stav odpovedi: OK
2026-01-27T13:33:07.8631978+01:00 [DEBUG] - UTC sunrise: 27.01.2026 6:40:44 (Kind=Utc)
2026-01-27T13:33:07.8872297+01:00 [DEBUG] - UTC sunset : 27.01.2026 15:49:11 (Kind=Utc)
2026-01-27T13:33:07.9295858+01:00 [DEBUG] - Pouzivam Windows timezone ID: Central Europe Standard Time (puvodne: Central Europe Standard Time)
2026-01-27T13:33:07.9641758+01:00 [DEBUG] - Jedna nebo vice udalosti uz dnes probehlo (sunrise=27.01.2026 7:40:44, sunset=27.01.2026 16:49:11). Dotazuji se na zitrejsi casy...
2026-01-27T13:33:07.9959248+01:00 [DEBUG] - Volám API (next day): https://api.sunrise-sunset.org/json?lat=50.0755&lng=14.4378&formatted=0&date=2026-01-28
2026-01-27T13:33:08.5695332+01:00 [DEBUG] - Nove lokalni casy (zitre) - sunrise: 28.01.2026 7:39:27; sunset: 28.01.2026 16:50:51
2026-01-27T13:33:08.6167589+01:00 [INFO] - Lokalni cas vychodu: 28.01.2026 7:39:27
2026-01-27T13:33:08.6377661+01:00 [INFO] - Lokalni cas zapadu : 28.01.2026 16:50:51
2026-01-27T13:33:08.6684501+01:00 [INFO] - Aktualni rezim: Light -> Novy rezim: Dark
2026-01-27T13:33:08.9929316+01:00 [SUCCESS] - Prepnuto na tmavy rezim.
2026-01-27T13:33:09.4461789+01:00 [INFO] - Proces bezi bez administratorskych prav - pokusim se vytvorit ulohu pro aktualniho uzivatele bez elevace.
2026-01-27T13:33:10.2409246+01:00 [INFO] - schtasks-user: ERROR: Incorrect Start Date.
2026-01-27T13:33:10.3240515+01:00 [INFO] - Naplanovano (schtasks-user) ensure v 2026-01-28 07:39 (pro uzivatele Martin)
2026-01-27T13:33:12.6222059+01:00 [INFO] - Hotovo. Dalsi prepnuti bylo naplanovano.
2026-01-27T13:35:13.1368564+01:00 [INFO] - Zjistuji aktualni polohu...
2026-01-27T13:35:13.4651440+01:00 [DEBUG] - Pockame 2 s pred dalsim pokusem... (pokusu 1/3)
2026-01-27T13:35:15.6052010+01:00 [DEBUG] - Pockame 4 s pred dalsim pokusem... (pokusu 2/3)
2026-01-27T13:35:19.7338667+01:00 [INFO] - Varovani: Nepodarilo se zjistit polohu pres ipapi.
2026-01-27T13:35:19.7645836+01:00 [INFO] - Pouzita cache: (manually provided) (50,0755, 14,4378) [Central Europe Standard Time]
2026-01-27T13:35:19.7865929+01:00 [INFO] - Nacitam casy vychodu a zapadu slunce...
2026-01-27T13:35:19.8122061+01:00 [DEBUG] - Volam API: https://api.sunrise-sunset.org/json?lat=50.0755&lng=14.4378&formatted=0
2026-01-27T13:35:20.3914183+01:00 [DEBUG] - Stav odpovedi: OK
2026-01-27T13:35:20.4350142+01:00 [DEBUG] - UTC sunrise: 27.01.2026 6:40:44 (Kind=Utc)
2026-01-27T13:35:20.4778166+01:00 [DEBUG] - UTC sunset : 27.01.2026 15:49:11 (Kind=Utc)
2026-01-27T13:35:20.5111876+01:00 [DEBUG] - Pouzivam Windows timezone ID: Central Europe Standard Time (puvodne: Central Europe Standard Time)
2026-01-27T13:35:20.5431809+01:00 [DEBUG] - Jedna nebo vice udalosti uz dnes probehlo (sunrise=27.01.2026 7:40:44, sunset=27.01.2026 16:49:11). Dotazuji se na zitrejsi casy...
2026-01-27T13:35:20.5674851+01:00 [DEBUG] - Volám API (next day): https://api.sunrise-sunset.org/json?lat=50.0755&lng=14.4378&formatted=0&date=2026-01-28
2026-01-27T13:35:21.1108375+01:00 [DEBUG] - Nove lokalni casy (zitre) - sunrise: 28.01.2026 7:39:27; sunset: 28.01.2026 16:50:51
2026-01-27T13:35:21.1448508+01:00 [INFO] - Lokalni cas vychodu: 28.01.2026 7:39:27
2026-01-27T13:35:21.1667754+01:00 [INFO] - Lokalni cas zapadu : 28.01.2026 16:50:51
2026-01-27T13:35:21.2022332+01:00 [INFO] - Aktualni rezim: Dark -> Novy rezim: Light
2026-01-27T13:35:21.2488482+01:00 [SUCCESS] - Prepnuto na svetly rezim.
2026-01-27T13:35:21.5202754+01:00 [INFO] - Proces bezi bez administratorskych prav - pokusim se vytvorit ulohu pro aktualniho uzivatele bez elevace.
2026-01-27T13:35:22.7793055+01:00 [INFO] - schtasks-user: ERROR: Incorrect Start Date.
2026-01-27T13:35:22.8516655+01:00 [INFO] - Naplanovano (schtasks-user) ensure v 2026-01-28 16:50 (pro uzivatele Martin)
2026-01-27T13:35:25.0381747+01:00 [INFO] - Hotovo. Dalsi prepnuti bylo naplanovano.
2026-01-27T13:35:44.0232017+01:00 [INFO] - Zjistuji aktualni polohu...
2026-01-27T13:35:47.2790709+01:00 [DEBUG] - Pockame 2 s pred dalsim pokusem... (pokusu 1/3)
2026-01-27T13:35:49.3790298+01:00 [DEBUG] - Pockame 4 s pred dalsim pokusem... (pokusu 2/3)
2026-01-27T13:35:53.4920824+01:00 [INFO] - Varovani: Nepodarilo se zjistit polohu pres ipapi.
2026-01-27T13:35:53.5238051+01:00 [INFO] - Pouzita cache: (manually provided) (50,0755, 14,4378) [Central Europe Standard Time]
2026-01-27T13:35:53.5460788+01:00 [INFO] - Nacitam casy vychodu a zapadu slunce...
2026-01-27T13:35:53.5698543+01:00 [DEBUG] - Volam API: https://api.sunrise-sunset.org/json?lat=50.0755&lng=14.4378&formatted=0
2026-01-27T13:35:54.1391827+01:00 [DEBUG] - Stav odpovedi: OK
2026-01-27T13:35:54.1744327+01:00 [DEBUG] - UTC sunrise: 27.01.2026 6:40:44 (Kind=Utc)
2026-01-27T13:35:54.1947509+01:00 [DEBUG] - UTC sunset : 27.01.2026 15:49:11 (Kind=Utc)
2026-01-27T13:35:54.2191017+01:00 [DEBUG] - Pouzivam Windows timezone ID: Central Europe Standard Time (puvodne: Central Europe Standard Time)
2026-01-27T13:35:54.2464150+01:00 [DEBUG] - Jedna nebo vice udalosti uz dnes probehlo (sunrise=27.01.2026 7:40:44, sunset=27.01.2026 16:49:11). Dotazuji se na zitrejsi casy...
2026-01-27T13:35:54.2743123+01:00 [DEBUG] - Volám API (next day): https://api.sunrise-sunset.org/json?lat=50.0755&lng=14.4378&formatted=0&date=2026-01-28
2026-01-27T13:35:54.8162410+01:00 [DEBUG] - Nove lokalni casy (zitre) - sunrise: 28.01.2026 7:39:27; sunset: 28.01.2026 16:50:51
2026-01-27T13:35:54.8644620+01:00 [INFO] - Lokalni cas vychodu: 28.01.2026 7:39:27
2026-01-27T13:35:54.8876008+01:00 [INFO] - Lokalni cas zapadu : 28.01.2026 16:50:51
2026-01-27T13:35:54.9282468+01:00 [INFO] - Aktualni rezim: Light -> Novy rezim: Dark
2026-01-27T13:35:54.9732486+01:00 [SUCCESS] - Prepnuto na tmavy rezim.
2026-01-27T13:36:09.9011628+01:00 [INFO] - Zjistuji aktualni polohu...
2026-01-27T13:36:10.1289333+01:00 [DEBUG] - Pockame 2 s pred dalsim pokusem... (pokusu 1/3)
2026-01-27T13:36:12.2186575+01:00 [DEBUG] - Pockame 4 s pred dalsim pokusem... (pokusu 2/3)
2026-01-27T13:36:16.3287674+01:00 [INFO] - Varovani: Nepodarilo se zjistit polohu pres ipapi.
2026-01-27T13:36:16.3699131+01:00 [INFO] - Pouzita cache: (manually provided) (50,0755, 14,4378) [Central Europe Standard Time]
2026-01-27T13:36:16.3980913+01:00 [INFO] - Nacitam casy vychodu a zapadu slunce...
2026-01-27T13:36:16.4263961+01:00 [DEBUG] - Volam API: https://api.sunrise-sunset.org/json?lat=50.0755&lng=14.4378&formatted=0
2026-01-27T13:36:16.9871990+01:00 [DEBUG] - Stav odpovedi: OK
2026-01-27T13:36:17.0196501+01:00 [DEBUG] - UTC sunrise: 27.01.2026 6:40:44 (Kind=Utc)
2026-01-27T13:36:17.0446215+01:00 [DEBUG] - UTC sunset : 27.01.2026 15:49:11 (Kind=Utc)
2026-01-27T13:36:17.0715831+01:00 [DEBUG] - Pouzivam Windows timezone ID: Central Europe Standard Time (puvodne: Central Europe Standard Time)
2026-01-27T13:36:17.1143124+01:00 [DEBUG] - Jedna nebo vice udalosti uz dnes probehlo (sunrise=27.01.2026 7:40:44, sunset=27.01.2026 16:49:11). Dotazuji se na zitrejsi casy...
2026-01-27T13:36:17.1393364+01:00 [DEBUG] - Volám API (next day): https://api.sunrise-sunset.org/json?lat=50.0755&lng=14.4378&formatted=0&date=2026-01-28
2026-01-27T13:36:17.6821826+01:00 [DEBUG] - Nove lokalni casy (zitre) - sunrise: 28.01.2026 7:39:27; sunset: 28.01.2026 16:50:51
2026-01-27T13:36:17.7194234+01:00 [INFO] - Lokalni cas vychodu: 28.01.2026 7:39:27
2026-01-27T13:36:17.7403878+01:00 [INFO] - Lokalni cas zapadu : 28.01.2026 16:50:51
2026-01-27T13:36:17.7808136+01:00 [INFO] - Aktualni rezim: Dark -> Novy rezim: Light
2026-01-27T13:36:17.8256935+01:00 [SUCCESS] - Prepnuto na svetly rezim.
2026-01-27T13:36:18.0505363+01:00 [INFO] - Proces bezi bez administratorskych prav - pokusim se vytvorit ulohu pro aktualniho uzivatele bez elevace.
2026-01-27T13:36:18.3914164+01:00 [DEBUG] - Invoke-Schtask: schtasks.exe /Create /SC ONCE /TN SmartThemeSwitch-Dark /TR "powershell.exe -NoProfile -ExecutionPolicy Bypass -File "C:\Users\Martin\AppData\Local\SmartTheme\SmartTheme.ps1" -Ensure" /ST 16:50 /SD 01/28/2026 /RL LIMITED /RU Martin /F
2026-01-27T13:36:18.8790957+01:00 [INFO] - schtasks-user: INVOKE-SCHTASK: schtasks.exe /Create /SC ONCE /TN SmartThemeSwitch-Dark /TR "powershell.exe -NoProfile -ExecutionPolicy Bypass -File "C:\Users\Martin\AppData\Local\SmartTheme\SmartTheme.ps1" -Ensure" /ST 16:50 /SD 01/28/2026 /RL LIMITED /RU Martin /F
2026-01-27T13:36:18.9379249+01:00 [INFO] - schtasks-user: ERROR: Incorrect Start Date.
2026-01-27T13:36:19.0195960+01:00 [INFO] - Naplanovano (schtasks-user) ensure v 2026-01-28 16:50 (pro uzivatele Martin)
2026-01-27T13:36:21.2438615+01:00 [INFO] - Hotovo. Dalsi prepnuti bylo naplanovano.
2026-01-27T13:37:49.9541971+01:00 [INFO] - Zjistuji aktualni polohu...
2026-01-27T13:37:50.3004745+01:00 [DEBUG] - Pockame 2 s pred dalsim pokusem... (pokusu 1/3)
2026-01-27T13:37:52.4186287+01:00 [DEBUG] - Pockame 4 s pred dalsim pokusem... (pokusu 2/3)
2026-01-27T13:37:56.5096425+01:00 [INFO] - Varovani: Nepodarilo se zjistit polohu pres ipapi.
2026-01-27T13:37:56.5505291+01:00 [INFO] - Pouzita cache: (manually provided) (50,0755, 14,4378) [Central Europe Standard Time]
2026-01-27T13:37:56.5801282+01:00 [INFO] - Nacitam casy vychodu a zapadu slunce...
2026-01-27T13:37:56.6203512+01:00 [DEBUG] - Volam API: https://api.sunrise-sunset.org/json?lat=50.0755&lng=14.4378&formatted=0
2026-01-27T13:37:57.2372951+01:00 [DEBUG] - Stav odpovedi: OK
2026-01-27T13:37:57.2784763+01:00 [DEBUG] - UTC sunrise: 27.01.2026 6:40:44 (Kind=Utc)
2026-01-27T13:37:57.3089067+01:00 [DEBUG] - UTC sunset : 27.01.2026 15:49:11 (Kind=Utc)
2026-01-27T13:37:57.3516143+01:00 [DEBUG] - Pouzivam Windows timezone ID: Central Europe Standard Time (puvodne: Central Europe Standard Time)
2026-01-27T13:37:57.3930471+01:00 [DEBUG] - Jedna nebo vice udalosti uz dnes probehlo (sunrise=27.01.2026 7:40:44, sunset=27.01.2026 16:49:11). Dotazuji se na zitrejsi casy...
2026-01-27T13:37:57.4363744+01:00 [DEBUG] - Volám API (next day): https://api.sunrise-sunset.org/json?lat=50.0755&lng=14.4378&formatted=0&date=2026-01-28
2026-01-27T13:37:57.9966125+01:00 [DEBUG] - Nove lokalni casy (zitre) - sunrise: 28.01.2026 7:39:27; sunset: 28.01.2026 16:50:51
2026-01-27T13:37:58.0642409+01:00 [INFO] - Lokalni cas vychodu: 28.01.2026 7:39:27
2026-01-27T13:37:58.1056809+01:00 [INFO] - Lokalni cas zapadu : 28.01.2026 16:50:51
2026-01-27T13:37:58.1599071+01:00 [INFO] - Aktualni rezim: Light -> Novy rezim: Dark
2026-01-27T13:37:58.2165725+01:00 [SUCCESS] - Prepnuto na tmavy rezim.
2026-01-27T13:37:59.0078080+01:00 [INFO] - Proces bezi bez administratorskych prav - pokusim se vytvorit ulohu pro aktualniho uzivatele bez elevace.
2026-01-27T13:37:59.0700202+01:00 [DEBUG] - Invoke-Schtask: schtasks.exe /Create /SC ONCE /TN SmartThemeSwitch-Light /TR "powershell.exe -NoProfile -ExecutionPolicy Bypass -File "C:\Users\Martin\AppData\Local\SmartTheme\SmartTheme.ps1" -Ensure" /ST 07:39 /SD 01/28/2026 /RL LIMITED /RU Martin /F
2026-01-27T13:37:59.7137837+01:00 [INFO] - schtasks-user: INVOKE-SCHTASK: schtasks.exe /Create /SC ONCE /TN SmartThemeSwitch-Light /TR "powershell.exe -NoProfile -ExecutionPolicy Bypass -File "C:\Users\Martin\AppData\Local\SmartTheme\SmartTheme.ps1" -Ensure" /ST 07:39 /SD 01/28/2026 /RL LIMITED /RU Martin /F
2026-01-27T13:37:59.7512353+01:00 [INFO] - schtasks-user: ERROR: Incorrect Start Date.
2026-01-27T13:37:59.8080643+01:00 [INFO] - Naplanovano (schtasks-user) ensure v 2026-01-28 07:39 (pro uzivatele Martin)
2026-01-27T13:38:02.0247619+01:00 [INFO] - Hotovo. Dalsi prepnuti bylo naplanovano.
2026-01-27T13:38:32.4371410+01:00 [INFO] - Zjistuji aktualni polohu...
2026-01-27T13:38:32.7147769+01:00 [DEBUG] - Pockame 2 s pred dalsim pokusem... (pokusu 1/3)
2026-01-27T13:38:34.8299250+01:00 [DEBUG] - Pockame 4 s pred dalsim pokusem... (pokusu 2/3)
2026-01-27T13:38:38.9433109+01:00 [INFO] - Varovani: Nepodarilo se zjistit polohu pres ipapi.
2026-01-27T13:38:38.9828384+01:00 [INFO] - Pouzita cache: (manually provided) (50,0755, 14,4378) [Central Europe Standard Time]
2026-01-27T13:38:39.0184466+01:00 [INFO] - Nacitam casy vychodu a zapadu slunce...
2026-01-27T13:38:39.0526577+01:00 [DEBUG] - Volam API: https://api.sunrise-sunset.org/json?lat=50.0755&lng=14.4378&formatted=0
2026-01-27T13:38:39.6418451+01:00 [DEBUG] - Stav odpovedi: OK
2026-01-27T13:38:39.6771323+01:00 [DEBUG] - UTC sunrise: 27.01.2026 6:40:44 (Kind=Utc)
2026-01-27T13:38:39.7139438+01:00 [DEBUG] - UTC sunset : 27.01.2026 15:49:11 (Kind=Utc)
2026-01-27T13:38:39.7495285+01:00 [DEBUG] - Pouzivam Windows timezone ID: Central Europe Standard Time (puvodne: Central Europe Standard Time)
2026-01-27T13:38:39.7873110+01:00 [DEBUG] - Jedna nebo vice udalosti uz dnes probehlo (sunrise=27.01.2026 7:40:44, sunset=27.01.2026 16:49:11). Dotazuji se na zitrejsi casy...
2026-01-27T13:38:39.8220758+01:00 [DEBUG] - Volám API (next day): https://api.sunrise-sunset.org/json?lat=50.0755&lng=14.4378&formatted=0&date=2026-01-28
2026-01-27T13:38:40.3728907+01:00 [DEBUG] - Nove lokalni casy (zitre) - sunrise: 28.01.2026 7:39:27; sunset: 28.01.2026 16:50:51
2026-01-27T13:38:40.4143906+01:00 [INFO] - Lokalni cas vychodu: 28.01.2026 7:39:27
2026-01-27T13:38:40.4397537+01:00 [INFO] - Lokalni cas zapadu : 28.01.2026 16:50:51
2026-01-27T13:38:40.4729608+01:00 [INFO] - Aktualni rezim: Dark -> Novy rezim: Light
2026-01-27T13:38:40.6308967+01:00 [SUCCESS] - Prepnuto na svetly rezim.
2026-01-27T13:38:40.7748087+01:00 [INFO] - Proces bezi bez administratorskych prav - pokusim se vytvorit ulohu pro aktualniho uzivatele bez elevace.
2026-01-27T13:38:40.9573818+01:00 [DEBUG] - Invoke-Schtask: schtasks.exe /Create /SC ONCE /TN SmartThemeSwitch-Dark /TR "powershell.exe "C:\Users\Martin\AppData\Local\SmartTheme\theme.cmd" -Ensure" /ST 16:50 /SD 01/28/2026 /RL LIMITED /RU Martin /F
2026-01-27T13:38:41.7925587+01:00 [INFO] - schtasks-user: INVOKE-SCHTASK: schtasks.exe /Create /SC ONCE /TN SmartThemeSwitch-Dark /TR "powershell.exe "C:\Users\Martin\AppData\Local\SmartTheme\theme.cmd" -Ensure" /ST 16:50 /SD 01/28/2026 /RL LIMITED /RU Martin /F
2026-01-27T13:38:41.8592908+01:00 [INFO] - schtasks-user: ERROR: Incorrect Start Date.
2026-01-27T13:38:41.9353254+01:00 [INFO] - Naplanovano (schtasks-user) ensure v 2026-01-28 16:50 (pro uzivatele Martin)
2026-01-27T13:38:44.1446788+01:00 [INFO] - Hotovo. Dalsi prepnuti bylo naplanovano.
2026-01-27T13:40:31.6559463+01:00 [INFO] - Zjistuji aktualni polohu...
2026-01-27T13:40:31.8622030+01:00 [DEBUG] - Pockame 2 s pred dalsim pokusem... (pokusu 1/3)
2026-01-27T13:40:33.9396847+01:00 [DEBUG] - Pockame 4 s pred dalsim pokusem... (pokusu 2/3)
2026-01-27T13:40:38.0094755+01:00 [INFO] - Varovani: Nepodarilo se zjistit polohu pres ipapi.
2026-01-27T13:40:38.0429689+01:00 [INFO] - Pouzita cache: (manually provided) (50,0755, 14,4378) [Central Europe Standard Time]
2026-01-27T13:40:38.0664704+01:00 [INFO] - Nacitam casy vychodu a zapadu slunce...
2026-01-27T13:40:38.0920907+01:00 [DEBUG] - Volam API: https://api.sunrise-sunset.org/json?lat=50.0755&lng=14.4378&formatted=0
2026-01-27T13:40:38.6862956+01:00 [DEBUG] - Stav odpovedi: OK
2026-01-27T13:40:38.7203937+01:00 [DEBUG] - UTC sunrise: 27.01.2026 6:40:44 (Kind=Utc)
2026-01-27T13:40:38.7447410+01:00 [DEBUG] - UTC sunset : 27.01.2026 15:49:11 (Kind=Utc)
2026-01-27T13:40:38.7698320+01:00 [DEBUG] - Pouzivam Windows timezone ID: Central Europe Standard Time (puvodne: Central Europe Standard Time)
2026-01-27T13:40:38.8016442+01:00 [DEBUG] - Jedna nebo vice udalosti uz dnes probehlo (sunrise=27.01.2026 7:40:44, sunset=27.01.2026 16:49:11). Dotazuji se na zitrejsi casy...
2026-01-27T13:40:38.8269777+01:00 [DEBUG] - Volám API (next day): https://api.sunrise-sunset.org/json?lat=50.0755&lng=14.4378&formatted=0&date=2026-01-28
2026-01-27T13:40:39.3782051+01:00 [DEBUG] - Nove lokalni casy (zitre) - sunrise: 28.01.2026 7:39:27; sunset: 28.01.2026 16:50:51
2026-01-27T13:40:39.4257085+01:00 [INFO] - Lokalni cas vychodu: 28.01.2026 7:39:27
2026-01-27T13:40:39.4476373+01:00 [INFO] - Lokalni cas zapadu : 28.01.2026 16:50:51
2026-01-27T13:40:39.4811784+01:00 [INFO] - Aktualni rezim: Light -> Novy rezim: Dark
2026-01-27T13:40:39.5206255+01:00 [SUCCESS] - Prepnuto na tmavy rezim.
2026-01-27T13:40:40.3344941+01:00 [DEBUG] - Invoke-Schtask: schtasks.exe /Delete /TN SmartThemeSwitch-Light /F
2026-01-27T13:40:40.5727546+01:00 [DEBUG] - Invoke-Schtask: schtasks.exe /Create /SC ONCE /TN SmartThemeSwitch-Light /TR "powershell.exe "C:\Users\Martin\AppData\Local\SmartTheme\theme.cmd" -Ensure" /ST 07:39 /SD 01/28/2026 /F
2026-01-27T13:40:40.9277732+01:00 [INFO] - Hotovo. ALE: Nepodařilo se vytvořit plánovanou úlohu (pravděpodobně nedostatečná oprávnění).
2026-01-27T13:40:40.9948952+01:00 [INFO] - Instrukce pro spusteni elevated (spusti nove okno PowerShell s UAC prompt):
2026-01-27T13:40:41.0802695+01:00 [INFO] -   Start-Process -FilePath 'powershell.exe' -ArgumentList '-NoProfile -ExecutionPolicy Bypass -File "C:\Users\Martin\AppData\Local\SmartTheme\SmartTheme.ps1" -Schedule' -Verb RunAs
2026-01-27T13:40:41.2258938+01:00 [INFO] - Priklad prikazu pro rucni vytvoreni (spust jako administrator):
2026-01-27T13:40:41.3176243+01:00 [INFO] -   schtasks /Create /SC ONCE /TN "SmartThemeSwitch-Dark" /TR "powershell.exe -NoProfile -ExecutionPolicy Bypass -File "C:\Users\Martin\AppData\Local\SmartTheme\SmartTheme.ps1" -Dark" /ST 16:50 /SD 01/28/2026 /F
2026-01-27T13:40:41.4290238+01:00 [INFO] - Pokud chces, spust vyse uvedeny Start-Process prikaz nebo otevri PowerShell jako spravce a spust skript znovu s -Schedule.
2026-01-27T13:41:20.4374011+01:00 [INFO] - Zjistuji aktualni polohu...
2026-01-27T13:41:20.6460339+01:00 [DEBUG] - Pockame 2 s pred dalsim pokusem... (pokusu 1/3)
2026-01-27T13:41:22.7626539+01:00 [DEBUG] - Pockame 4 s pred dalsim pokusem... (pokusu 2/3)
2026-01-27T13:41:26.8586256+01:00 [INFO] - Varovani: Nepodarilo se zjistit polohu pres ipapi.
2026-01-27T13:41:26.9068420+01:00 [INFO] - Pouzita cache: (manually provided) (50,0755, 14,4378) [Central Europe Standard Time]
2026-01-27T13:41:26.9384343+01:00 [INFO] - Nacitam casy vychodu a zapadu slunce...
2026-01-27T13:41:26.9747671+01:00 [DEBUG] - Volam API: https://api.sunrise-sunset.org/json?lat=50.0755&lng=14.4378&formatted=0
2026-01-27T13:41:27.5605878+01:00 [DEBUG] - Stav odpovedi: OK
2026-01-27T13:41:27.5959789+01:00 [DEBUG] - UTC sunrise: 27.01.2026 6:40:44 (Kind=Utc)
2026-01-27T13:41:27.6338173+01:00 [DEBUG] - UTC sunset : 27.01.2026 15:49:11 (Kind=Utc)
2026-01-27T13:41:27.6710941+01:00 [DEBUG] - Pouzivam Windows timezone ID: Central Europe Standard Time (puvodne: Central Europe Standard Time)
2026-01-27T13:41:27.7028498+01:00 [DEBUG] - Jedna nebo vice udalosti uz dnes probehlo (sunrise=27.01.2026 7:40:44, sunset=27.01.2026 16:49:11). Dotazuji se na zitrejsi casy...
2026-01-27T13:41:27.7320991+01:00 [DEBUG] - Volám API (next day): https://api.sunrise-sunset.org/json?lat=50.0755&lng=14.4378&formatted=0&date=2026-01-28
2026-01-27T13:41:28.2788858+01:00 [DEBUG] - Nove lokalni casy (zitre) - sunrise: 28.01.2026 7:39:27; sunset: 28.01.2026 16:50:51
2026-01-27T13:41:28.3203627+01:00 [INFO] - Lokalni cas vychodu: 28.01.2026 7:39:27
2026-01-27T13:41:28.3485837+01:00 [INFO] - Lokalni cas zapadu : 28.01.2026 16:50:51
2026-01-27T13:41:28.3888817+01:00 [INFO] - Aktualni rezim: Dark -> Novy rezim: Light
2026-01-27T13:41:28.4801674+01:00 [SUCCESS] - Prepnuto na svetly rezim.
2026-01-27T13:41:28.6422323+01:00 [INFO] - Proces bezi bez administratorskych prav - pokusim se vytvorit ulohu pro aktualniho uzivatele bez elevace.
2026-01-27T13:41:29.9614883+01:00 [WARN] - SCHEDULE_USER_API_FAIL
2026-01-27T13:41:30.0146197+01:00 [INFO] - Hotovo. Dalsi prepnuti bylo naplanovano.
2026-01-27T18:59:55.6241518+01:00 [INFO] - Zjistuji aktualni polohu...
2026-01-27T18:59:55.8317319+01:00 [DEBUG] - Pockame 2 s pred dalsim pokusem... (pokusu 1/3)
2026-01-27T18:59:57.9249836+01:00 [DEBUG] - Pockame 4 s pred dalsim pokusem... (pokusu 2/3)
2026-01-27T19:00:02.0116082+01:00 [INFO] - Varovani: Nepodarilo se zjistit polohu pres ipapi.
2026-01-27T19:00:02.0544110+01:00 [INFO] - Pouzita cache: (manually provided) (50,0755, 14,4378) [Central Europe Standard Time]
2026-01-27T19:00:02.0833166+01:00 [INFO] - Nacitam casy vychodu a zapadu slunce...
2026-01-27T19:00:02.1129248+01:00 [DEBUG] - Volam API: https://api.sunrise-sunset.org/json?lat=50.0755&lng=14.4378&formatted=0
2026-01-27T19:00:02.6692191+01:00 [DEBUG] - Stav odpovedi: OK
2026-01-27T19:00:02.6941602+01:00 [DEBUG] - UTC sunrise: 27.01.2026 6:40:44 (Kind=Utc)
2026-01-27T19:00:02.7158995+01:00 [DEBUG] - UTC sunset : 27.01.2026 15:49:11 (Kind=Utc)
2026-01-27T19:00:02.7376515+01:00 [DEBUG] - Pouzivam Windows timezone ID: Central Europe Standard Time (puvodne: Central Europe Standard Time)
2026-01-27T19:00:02.7584008+01:00 [DEBUG] - Jedna nebo vice udalosti uz dnes probehlo (sunrise=27.01.2026 7:40:44, sunset=27.01.2026 16:49:11). Dotazuji se na zitrejsi casy...
2026-01-27T19:00:02.7808540+01:00 [DEBUG] - Volám API (next day): https://api.sunrise-sunset.org/json?lat=50.0755&lng=14.4378&formatted=0&date=2026-01-28
2026-01-27T19:00:03.3245760+01:00 [DEBUG] - Nove lokalni casy (zitre) - sunrise: 28.01.2026 7:39:27; sunset: 28.01.2026 16:50:51
2026-01-27T19:00:03.3643985+01:00 [INFO] - Lokalni cas vychodu: 28.01.2026 7:39:27
2026-01-27T19:00:03.3906049+01:00 [INFO] - Lokalni cas zapadu : 28.01.2026 16:50:51
2026-01-27T19:00:03.4172247+01:00 [INFO] - Aktualni rezim: Light -> Novy rezim: Dark
2026-01-27T19:00:03.4494865+01:00 [SUCCESS] - Prepnuto na tmavy rezim.
2026-01-27T19:00:04.3106034+01:00 [DEBUG] - Invoke-Schtask: schtasks.exe /Delete /TN SmartThemeSwitch-Light /F
2026-01-27T19:00:04.6498081+01:00 [DEBUG] - Invoke-Schtask: schtasks.exe /Create /SC ONCE /TN SmartThemeSwitch-Light /TR "powershell.exe "C:\Users\Martin\AppData\Local\SmartTheme\theme.cmd" -Ensure" /ST 07:39 /SD 01/28/2026 /F
2026-01-27T19:00:04.9420744+01:00 [INFO] - Hotovo. ALE: Nepodařilo se vytvořit plánovanou úlohu (pravděpodobně nedostatečná oprávnění).
2026-01-27T19:00:04.9960414+01:00 [INFO] - Instrukce pro spusteni elevated (spusti nove okno PowerShell s UAC prompt):
2026-01-27T19:00:05.0372832+01:00 [INFO] -   Start-Process -FilePath 'powershell.exe' -ArgumentList '-NoProfile -ExecutionPolicy Bypass -File "C:\Users\Martin\AppData\Local\SmartTheme\SmartTheme.ps1" -Schedule' -Verb RunAs
2026-01-27T19:00:05.0924143+01:00 [INFO] - Priklad prikazu pro rucni vytvoreni (spust jako administrator):
2026-01-27T19:00:05.1319282+01:00 [INFO] -   schtasks /Create /SC ONCE /TN "SmartThemeSwitch-Dark" /TR "powershell.exe -NoProfile -ExecutionPolicy Bypass -File "C:\Users\Martin\AppData\Local\SmartTheme\SmartTheme.ps1" -Dark" /ST 16:50 /SD 01/28/2026 /F
2026-01-27T19:00:05.1613189+01:00 [INFO] - Pokud chces, spust vyse uvedeny Start-Process prikaz nebo otevri PowerShell jako spravce a spust skript znovu s -Schedule.
2026-01-27T19:01:43.6327687+01:00 [INFO] - Zjistuji aktualni polohu...
2026-01-27T19:01:43.8798495+01:00 [DEBUG] - Pockame 2 s pred dalsim pokusem... (pokusu 1/3)
2026-01-27T19:01:46.0005474+01:00 [DEBUG] - Pockame 4 s pred dalsim pokusem... (pokusu 2/3)
2026-01-27T19:01:50.1071295+01:00 [INFO] - Varovani: Nepodarilo se zjistit polohu pres ipapi.
2026-01-27T19:01:50.1591371+01:00 [INFO] - Pouzita cache: (manually provided) (50,0755, 14,4378) [Central Europe Standard Time]
2026-01-27T19:01:50.1975441+01:00 [INFO] - Nacitam casy vychodu a zapadu slunce...
2026-01-27T19:01:50.2348970+01:00 [DEBUG] - Volam API: https://api.sunrise-sunset.org/json?lat=50.0755&lng=14.4378&formatted=0
2026-01-27T19:01:50.8155047+01:00 [DEBUG] - Stav odpovedi: OK
2026-01-27T19:01:50.8568694+01:00 [DEBUG] - UTC sunrise: 27.01.2026 6:40:44 (Kind=Utc)
2026-01-27T19:01:50.8858069+01:00 [DEBUG] - UTC sunset : 27.01.2026 15:49:11 (Kind=Utc)
2026-01-27T19:01:50.9164483+01:00 [DEBUG] - Pouzivam Windows timezone ID: Central Europe Standard Time (puvodne: Central Europe Standard Time)
2026-01-27T19:01:50.9556057+01:00 [DEBUG] - Jedna nebo vice udalosti uz dnes probehlo (sunrise=27.01.2026 7:40:44, sunset=27.01.2026 16:49:11). Dotazuji se na zitrejsi casy...
2026-01-27T19:01:50.9858380+01:00 [DEBUG] - Volám API (next day): https://api.sunrise-sunset.org/json?lat=50.0755&lng=14.4378&formatted=0&date=2026-01-28
2026-01-27T19:01:51.5438255+01:00 [DEBUG] - Nove lokalni casy (zitre) - sunrise: 28.01.2026 7:39:27; sunset: 28.01.2026 16:50:51
2026-01-27T19:01:51.6018986+01:00 [INFO] - Lokalni cas vychodu: 28.01.2026 7:39:27
2026-01-27T19:01:51.6393735+01:00 [INFO] - Lokalni cas zapadu : 28.01.2026 16:50:51
2026-01-27T19:01:51.6886973+01:00 [INFO] - Aktualni rezim: Dark -> Novy rezim: Light
2026-01-27T19:01:51.7367352+01:00 [SUCCESS] - Prepnuto na svetly rezim.
2026-01-27T19:01:52.0024827+01:00 [INFO] - Proces bezi bez administratorskych prav - pokusim se vytvorit ulohu pro aktualniho uzivatele bez elevace.
2026-01-27T19:01:53.5935963+01:00 [WARN] - SCHEDULE_USER_API_FAIL
2026-01-27T19:01:53.6185826+01:00 [INFO] - Hotovo. Dalsi prepnuti bylo naplanovano.
2026-01-27T19:02:07.0864916+01:00 [INFO] - Zjistuji aktualni polohu...
2026-01-27T19:02:07.1648980+01:00 [DEBUG] - Pockame 2 s pred dalsim pokusem... (pokusu 1/3)
2026-01-27T19:02:09.2452245+01:00 [DEBUG] - Pockame 4 s pred dalsim pokusem... (pokusu 2/3)
2026-01-27T19:02:13.3702109+01:00 [INFO] - Varovani: Nepodarilo se zjistit polohu pres ipapi.
2026-01-27T19:02:13.3973110+01:00 [INFO] - Pouzita cache: (manually provided) (50,0755, 14,4378) [Central Europe Standard Time]
2026-01-27T19:02:13.4212853+01:00 [INFO] - Nacitam casy vychodu a zapadu slunce...
2026-01-27T19:02:13.4468018+01:00 [DEBUG] - Volam API: https://api.sunrise-sunset.org/json?lat=50.0755&lng=14.4378&formatted=0
2026-01-27T19:02:13.9830145+01:00 [DEBUG] - Stav odpovedi: OK
2026-01-27T19:02:14.0055234+01:00 [DEBUG] - UTC sunrise: 27.01.2026 6:40:44 (Kind=Utc)
2026-01-27T19:02:14.0276350+01:00 [DEBUG] - UTC sunset : 27.01.2026 15:49:11 (Kind=Utc)
2026-01-27T19:02:14.0506013+01:00 [DEBUG] - Pouzivam Windows timezone ID: Central Europe Standard Time (puvodne: Central Europe Standard Time)
2026-01-27T19:02:14.0724644+01:00 [DEBUG] - Jedna nebo vice udalosti uz dnes probehlo (sunrise=27.01.2026 7:40:44, sunset=27.01.2026 16:49:11). Dotazuji se na zitrejsi casy...
2026-01-27T19:02:14.0980498+01:00 [DEBUG] - Volám API (next day): https://api.sunrise-sunset.org/json?lat=50.0755&lng=14.4378&formatted=0&date=2026-01-28
2026-01-27T19:02:14.6343404+01:00 [DEBUG] - Nove lokalni casy (zitre) - sunrise: 28.01.2026 7:39:27; sunset: 28.01.2026 16:50:51
2026-01-27T19:02:14.6614629+01:00 [INFO] - Lokalni cas vychodu: 28.01.2026 7:39:27
2026-01-27T19:02:14.6884827+01:00 [INFO] - Lokalni cas zapadu : 28.01.2026 16:50:51
2026-01-27T19:02:14.7122111+01:00 [INFO] - Aktualni rezim: Light -> Novy rezim: Dark
2026-01-27T19:02:14.7414630+01:00 [SUCCESS] - Prepnuto na tmavy rezim.
2026-01-27T19:02:14.9406093+01:00 [DEBUG] - Exportuji existující úlohu SmartThemeSwitch-Light do C:\Users\Martin\AppData\Local\Temp\SmartThemeSwitch-Light-backup.xml (pokud existuje)...
2026-01-27T19:02:18.7902246+01:00 [DEBUG] - Vytvoreno doporucene XML pro ulohu: C:\Users\Martin\AppData\Local\Temp\SmartThemeSwitch-Light.xml
2026-01-27T19:02:18.8106568+01:00 [DEBUG] - Importuji ulohu z XML C:\Users\Martin\AppData\Local\Temp\SmartThemeSwitch-Light.xml jako SmartThemeSwitch-Light...
2026-01-27T19:02:19.8635411+01:00 [INFO] - Import XML úlohy SmartThemeSwitch-Light dokončen.
2026-01-27T19:02:19.8980932+01:00 [INFO] - Naplanovano (XML import) ensure/once+startup+logon v 2026-01-28 07:39
2026-01-27T19:02:19.9164624+01:00 [INFO] - Hotovo. Dalsi prepnuti bylo naplanovano.
